This is e-pTeX, Version 3.141592653-p3.9.0-210218-2.6 (utf8.sjis) (TeX Live 2021/W32TeX) (preloaded format=platex 2022.3.28)  24 SEP 2025 10:20
entering extended mode
 \write18 enabled.
 %&-line parsing enabled.
**R07_denjiki.tex
(./R07_denjiki.tex
pLaTeX2e <2021-11-15> (based on LaTeX2e <2021-11-15> patch level 1)
L3 programming layer <2022-02-24> (c:/texlive/2021/texmf-dist/tex/platex/jsclasses/jsarticle.cls
Document Class: jsarticle 2021/06/28 jsclasses (okumura, texjporg)
\jsc@mpt=\dimen154
\jsc@mmm=\dimen155
\jsc@smallskipamount=\skip47
LaTeX Info: Redefining \textmc on input line 497.
LaTeX Info: Redefining \textgt on input line 499.
\symmincho=\mathgroup4
LaTeX Font Info:    Overwriting symbol font `mincho' in version `bold'
(Font)                  JY1/mc/m/n --> JY1/gt/m/n on input line 561.
LaTeX Font Info:    Font shape `JT1/mc/m/n' will be
(Font)              scaled to size 9.60999pt on input line 755.
LaTeX Font Info:    Font shape `JY1/mc/m/n' will be
(Font)              scaled to size 9.60999pt on input line 755.
\fullwidth=\dimen156
LaTeX Font Info:    Font shape `JT1/mc/m/n' will be
(Font)              scaled to size 7.68799pt on input line 908.
LaTeX Font Info:    Font shape `JY1/mc/m/n' will be
(Font)              scaled to size 7.68799pt on input line 908.
\c@part=\count184
\c@section=\count185
\c@subsection=\count186
\c@subsubsection=\count187
\c@paragraph=\count188
\c@subparagraph=\count189
\@abstractbox=\box67
\c@figure=\count190
\c@table=\count191
\abovecaptionskip=\skip48
\belowcaptionskip=\skip49
\jsc@tocl@width=\dimen157
\@lnumwidth=\dimen158
\bibindent=\dimen159
(c:/texlive/2021/texmf-dist/tex/platex/jsclasses/jslogo.sty
Package: jslogo 2019/07/25 okumura, texjporg
LaTeX Info: Redefining \TeX on input line 82.
LaTeX Info: Redefining \LaTeX on input line 135.
LaTeX Info: Redefining \LaTeXe on input line 188.
)
\heisei=\count192
) (c:/texlive/2021/texmf-dist/tex/latex/ketcindy/ketpic.sty
\c@ketpicctra=\count193
\c@ketpicctrb=\count194
\c@ketpicctrc=\count195
\c@ketpicctrd=\count196
\c@ketpicctre=\count197
\c@ketpicctrf=\count198
\c@ketpicctrg=\count199
\c@ketpicctrh=\count266
\c@ketpicctri=\count267
\c@ketpicctrj=\count268
\Width=\skip50
\Height=\skip51
\Depth=\skip52
) (c:/texlive/2021/texmf-dist/tex/latex/graphics/graphicx.sty
Package: graphicx 2021/09/16 v1.2d Enhanced LaTeX Graphics (DPC,SPQR)
 (c:/texlive/2021/texmf-dist/tex/latex/graphics/keyval.sty
Package: keyval 2014/10/28 v1.15 key=value parser (DPC)
\KV@toks@=\toks17
) (c:/texlive/2021/texmf-dist/tex/latex/graphics/graphics.sty
Package: graphics 2021/03/04 v1.4d Standard LaTeX Graphics (DPC,SPQR)
 (c:/texlive/2021/texmf-dist/tex/latex/graphics/trig.sty
Package: trig 2021/08/11 v1.11 sin cos tan (DPC)
) (c:/texlive/2021/texmf-dist/tex/latex/graphics-cfg/graphics.cfg
File: graphics.cfg 2016/06/04 v1.11 sample graphics configuration
)
Package graphics Info: Driver file: dvips.def on input line 107.
 (c:/texlive/2021/texmf-dist/tex/latex/graphics-def/dvips.def
File: dvips.def 2017/06/20 v3.1d Graphics/color driver for dvips
))
\Gin@req@height=\dimen160
\Gin@req@width=\dimen161
) (c:/texlive/2021/texmf-dist/tex/latex/graphics/color.sty
Package: color 2021/12/07 v1.3c Standard LaTeX Color (DPC)
 (c:/texlive/2021/texmf-dist/tex/latex/graphics-cfg/color.cfg
File: color.cfg 2016/01/02 v1.6 sample color configuration
)
Package color Info: Driver file: dvips.def on input line 149.
 (c:/texlive/2021/texmf-dist/tex/latex/graphics/dvipsnam.def
File: dvipsnam.def 2016/06/17 v3.0m Driver-dependent file (DPC,SPQR)
)) (c:/texlive/2021/texmf-dist/tex/platex/pxchfon/pxchfon.sty
Package: pxchfon 2021/05/30 v1.9
) (c:/texlive/2021/texmf-dist/tex/platex/jsclasses/okumacro.sty
Package: okumacro 2021/07/01 okumura, texjporg
\@scw=\dimen162
\scb@x=\box68
\EXAMPLEWIDTH=\dimen163
\shaderule=\dimen164
) (c:/texlive/2021/texmf-dist/tex/latex/amsmath/amsmath.sty
Package: amsmath 2021/10/15 v2.17l AMS math features
\@mathmargin=\skip53

For additional information on amsmath, use the `?' option.
(c:/texlive/2021/texmf-dist/tex/latex/amsmath/amstext.sty
Package: amstext 2021/08/26 v2.01 AMS text
 (c:/texlive/2021/texmf-dist/tex/latex/amsmath/amsgen.sty
File: amsgen.sty 1999/11/30 v2.0 generic functions
\@emptytoks=\toks18
\ex@=\dimen165
)) (c:/texlive/2021/texmf-dist/tex/latex/amsmath/amsbsy.sty
Package: amsbsy 1999/11/29 v1.2d Bold Symbols
\pmbraise@=\dimen166
) (c:/texlive/2021/texmf-dist/tex/latex/amsmath/amsopn.sty
Package: amsopn 2021/08/26 v2.02 operator names
)
\inf@bad=\count269
LaTeX Info: Redefining \frac on input line 234.
\uproot@=\count270
\leftroot@=\count271
LaTeX Info: Redefining \overline on input line 399.
\classnum@=\count272
\DOTSCASE@=\count273
LaTeX Info: Redefining \ldots on input line 496.
LaTeX Info: Redefining \dots on input line 499.
LaTeX Info: Redefining \cdots on input line 620.
\Mathstrutbox@=\box69
\strutbox@=\box70
\big@size=\dimen167
LaTeX Font Info:    Redeclaring font encoding OML on input line 743.
LaTeX Font Info:    Redeclaring font encoding OMS on input line 744.
\macc@depth=\count274
\c@MaxMatrixCols=\count275
\dotsspace@=\muskip16
\c@parentequation=\count276
\dspbrk@lvl=\count277
\tag@help=\toks19
\row@=\count278
\column@=\count279
\maxfields@=\count280
\andhelp@=\toks20
\eqnshift@=\dimen168
\alignsep@=\dimen169
\tagshift@=\dimen170
\tagwidth@=\dimen171
\totwidth@=\dimen172
\lineht@=\dimen173
\@envbody=\toks21
\multlinegap=\skip54
\multlinetaggap=\skip55
\mathdisplay@stack=\toks22
LaTeX Info: Redefining \[ on input line 2938.
LaTeX Info: Redefining \] on input line 2939.
) (c:/texlive/2021/texmf-dist/tex/latex/amscls/amsthm.sty
Package: amsthm 2020/05/29 v2.20.6
\thm@style=\toks23
\thm@bodyfont=\toks24
\thm@headfont=\toks25
\thm@notefont=\toks26
\thm@headpunct=\toks27
\thm@preskip=\skip56
\thm@postskip=\skip57
\thm@headsep=\skip58
\dth@everypar=\toks28
) (c:/texlive/2021/texmf-dist/tex/latex/amsfonts/amssymb.sty
Package: amssymb 2013/01/14 v3.01 AMS font symbols
 (c:/texlive/2021/texmf-dist/tex/latex/amsfonts/amsfonts.sty
Package: amsfonts 2013/01/14 v3.01 Basic AMSFonts support
\symAMSa=\mathgroup5
\symAMSb=\mathgroup6
LaTeX Font Info:    Redeclaring math symbol \hbar on input line 98.
LaTeX Font Info:    Overwriting math alphabet `\mathfrak' in version `bold'
(Font)                  U/euf/m/n --> U/euf/b/n on input line 106.
)) (c:/texlive/2021/texmf-dist/tex/latex/fancybox/fancybox.sty
Package: fancybox 2010/05/15 1.4

Style option: `fancybox' v1.4 <2010/05/15> (tvz)
\@fancybox=\box71
\shadowsize=\dimen174
\@Sbox=\box72
\do@VerbBox=\toks29
\the@fancyput=\toks30
\this@fancyput=\toks31
\EndVerbatimTokens=\toks32
\Verbatim@Outfile=\write3
\Verbatim@Infile=\read2
) (c:/texlive/2021/texmf-dist/tex/latex/tools/enumerate.sty
Package: enumerate 2015/07/23 v3.00 enumerate extensions (DPC)
\@enLab=\toks33
) (c:/texlive/2021/texmf-dist/tex/latex/tools/multicol.sty
Package: multicol 2021/10/28 v1.9b multicolumn formatting (FMi)
\c@tracingmulticols=\count281
\mult@box=\box73
\multicol@leftmargin=\dimen175
\c@unbalance=\count282
\c@collectmore=\count283
\doublecol@number=\count284
\multicoltolerance=\count285
\multicolpretolerance=\count286
\full@width=\dimen176
\page@free=\dimen177
\premulticols=\dimen178
\postmulticols=\dimen179
\multicolsep=\skip59
\multicolbaselineskip=\skip60
\partial@page=\box74
\last@line=\box75
\maxbalancingoverflow=\dimen180
\mult@rightbox=\box76
\mult@grightbox=\box77
\mult@firstbox=\box78
\mult@gfirstbox=\box79
\@tempa=\box80
\@tempa=\box81
\@tempa=\box82
\@tempa=\box83
\@tempa=\box84
\@tempa=\box85
\@tempa=\box86
\@tempa=\box87
\@tempa=\box88
\@tempa=\box89
\@tempa=\box90
\@tempa=\box91
\@tempa=\box92
\@tempa=\box93
\@tempa=\box94
\@tempa=\box95
\@tempa=\box96
\@tempa=\box97
\@tempa=\box98
\@tempa=\box99
\@tempa=\box100
\@tempa=\box101
\@tempa=\box102
\@tempa=\box103
\@tempa=\box104
\@tempa=\box105
\@tempa=\box106
\@tempa=\box107
\@tempa=\box108
\@tempa=\box109
\@tempa=\box110
\@tempa=\box111
\@tempa=\box112
\@tempa=\box113
\@tempa=\box114
\@tempa=\box115
\c@minrows=\count287
\c@columnbadness=\count288
\c@finalcolumnbadness=\count289
\last@try=\dimen181
\multicolovershoot=\dimen182
\multicolundershoot=\dimen183
\mult@nat@firstbox=\box116
\colbreak@box=\box117
\mc@col@check@num=\count290
) (c:/texlive/2021/texmf-dist/tex/latex/ascmac/ascmac.sty
Package: ascmac 2020/01/15 v2.1 ascmac wrapper (community edition) 
 (c:/texlive/2021/texmf-dist/tex/latex/ascmac/tascmac.sty
Package: tascmac 2020/01/15 v2.1 ascmac package (community edition) 
\@savetbaselineshift=\dimen184
\@saveybaselineshift=\dimen185
\scb@x=\box118
\scscb@x=\box119
\@bw=\dimen186
\@nbox=\box120
\@nbody=\box121
\@scw=\dimen187
\ascmac@hoboxa=\box122
\ascmac@hoboxb=\box123
\@itemh=\dimen188
\@iboxpos=\toks34
\@iboxstr=\box124
\@bwsp=\box125
\@@bwsp=\box126
\@bcal=\count291
\shaderule=\dimen189
)) (c:/texlive/texmf-local/tex/platex/misc/emath/itembbox.sty
Package: itembbox 2004/08/10 v 0.19
\iboxpos@=\toks35
\sc@itemb@x=\box127
\sc@itemb@x@=\box128
\@itemw=\dimen190
\shaderule=\dimen191
\dblboxrule=\dimen192
\dblboxrulein=\dimen193
\dblboxsep=\dimen194
) (c:/texlive/texmf-local/tex/platex/misc/emath/emath.sty
Package: emath 2005/10/31 v1.54p 初等数学マクロパッケージ
 (c:/texlive/texmf-local/tex/platex/misc/emath/emath2e.sty (c:/texlive/texmf-local/tex/platex/misc/emath/emathE.sty
Package: emathE 2005/09/05 v0.79 拡張enumerate
 (c:/texlive/texmf-local/tex/platex/misc/emath/emathEc.sty
Package: emathEc 2005/09/05 v0.00
 (c:/texlive/texmf-local/tex/platex/misc/emath/emathC.sty
Package: emathC 2005/09/03 v0.25
 (c:/texlive/2021/texmf-dist/tex/latex/tools/calc.sty
Package: calc 2017/05/25 v4.3 Infix arithmetic (KKT,FJ)
\calc@Acount=\count292
\calc@Bcount=\count293
\calc@Adimen=\dimen195
\calc@Bdimen=\dimen196
\calc@Askip=\skip61
\calc@Bskip=\skip62
LaTeX Info: Redefining \setlength on input line 80.
LaTeX Info: Redefining \addtolength on input line 81.
\calc@Ccount=\count294
\calc@Cskip=\skip63
) (c:/texlive/2021/texmf-dist/tex/latex/base/ifthen.sty
Package: ifthen 2020/11/24 v1.1c Standard LaTeX ifthen package (DPC)
)
\c@tempcnta=\count295
\templa=\dimen197
\emath@toks@=\toks36
\Sett@width=\dimen198
\EMcalc@A=\dimen199
)) (c:/texlive/texmf-local/tex/platex/misc/emath/jquote.sty
Package: jquote 2005/10/31 v0.01
) (c:/texlive/texmf-local/tex/platex/misc/emath/emathK.sty)
\kizami@ti=\count296
\syoki@ti=\count297
\c@Enumi=\count298
\c@Enumii=\count299
\c@Enumiii=\count300
\c@Enumiv=\count301
\emtokena=\toks37
))
\templb=\dimen256
\templc=\dimen257
\tempboxa=\box129
\tempboxb=\box130
\EMc@hizyosuu=\count302
\EMc@syou=\count303
\EMc@zyo@amari=\count304
\GCM=\count305
\zyo@@c=\count306
\hizyo@@c=\count307
\wari@@cnt=\count308
\wari@@cmax=\count309
\gyou@@c=\count310
\hidari@@p=\count311
\migi@@p=\count312
\renritu@hidariyohaku=\dimen258
\@ltxlinelen=\dimen259
\fileophndl=\read3
) (c:/texlive/texmf-local/tex/platex/misc/emath/hako.sty
Package: hako 2005/10/24 v1.30
 (c:/texlive/2021/texmf-dist/tex/latex/tools/verbatim.sty
Package: verbatim 2020-07-07 v1.5u LaTeX2e package for verbatim enhancements
\every@verbatim=\toks38
\verbatim@line=\toks39
\verbatim@in@stream=\read4
) (c:/texlive/texmf-local/tex/platex/misc/emath/emathLb.sty
Package: emathLb 2004/09/27 v 0.04
)
\c@hako@mozisuu=\count313
\c@hakoban=\count314
\c@hakobanaiu=\count315
\c@hakobaniro=\count316
\c@hakobanAIU=\count317
\c@hakobanIRO=\count318
\c@hakobanara=\count319
\c@hakobanalp=\count320
\c@hakobanALP=\count321
\c@hakobanrma=\count322
\c@hakobanRMA=\count323
\c@hakobanmar=\count324
\c@hakobankan=\count325
\c@xh@koban=\count326
\c@xh@kobanaiu=\count327
\c@xh@kobaniro=\count328
\c@xh@kobanAIU=\count329
\c@xh@kobanIRO=\count330
\c@xh@kobanara=\count331
\c@xh@kobanalp=\count332
\c@xh@kobanALP=\count333
\c@xh@kobanrma=\count334
\c@xh@kobanRMA=\count335
\c@xh@kobanmar=\count336
\c@xh@kobankan=\count337
\@kosuuban=\count338
\H@kobox=\box131
\hako@skipa=\skip64
\h@koraise=\skip65
\hako@kai@rhndl=\read5
\hako@kai@hndl=\write4
\HakoKai@length=\skip66
\HakoKai@box=\box132
) (c:/texlive/texmf-local/tex/platex/scrpage.sty
Package: scrpage 2001/06/22 v1.3c KOMA package
) (c:/texlive/texmf-local/tex/platex/ulinej.sty
\ul@curpos=\count339
\ul@tmpbox=\box133
\ul@skipwidth=\dimen260
\ul@depth=\dimen261
\ul@height=\dimen262
) (c:/texlive/texmf-local/tex/platex/misc/emath/emathMw.sty
Package: emathMw 2005/09/03 v0.13 回り込み
\@mawarikomisep=\skip67
\mawarikomisep=\skip68
\mawarikomikankaku=\skip69
\EMWR@boxi=\box134
\EMWR@boxii=\box135
\eitemindent=\skip70
\zu@width=\skip71
\zuitemwidth=\skip72
) (c:/texlive/texmf-local/tex/platex/misc/emath/emathEy.sty
Package: emathEy 2005/09/05 v0.01 横並び enumerate
\eda@box=\box136
\ed@beta@box=\box137
\c@edamon@suu=\count340
\edaenum@wdth=\dimen263
\edaenum@wdth@=\dimen264
\leftmargin@org@s=\dimen265
\edaitemindent=\dimen266
\betaitemindent=\dimen267
\beta@linewidth=\dimen268
\eda@linewidth=\dimen269
\pre@edasep=\dimen270
\post@edasep=\dimen271
\preedaenumskip=\dimen272
\postedaenumskip=\dimen273
\yokoenum@wd=\dimen274
) (c:/texlive/texmf-local/tex/platex/misc/emath/emathP.sty
Package: emathP 2004/09/19 v 0.66
 (c:/texlive/texmf-local/tex/platex/misc/emath/emathPp.sty
Package: emathPp 2005/11/07 v 0.39
 (c:/texlive/texmf-local/tex/platex/misc/emath/emathPh.sty
Package: emathPh 2005/11/03 v 2.46
 (c:/texlive/texmf-local/tex/platex/epic.sty
Enhancements to Picture Environment. Version 1.2 - Released June 1, 1986
\@@multicnt=\count341
\d@lta=\count342
\@delta=\dimen275
\@@delta=\dimen276
\@gridcnt=\count343
\@joinkind=\count344
\@dotgap=\dimen277
\@ddotgap=\dimen278
\@x@diff=\count345
\@y@diff=\count346
\x@diff=\dimen279
\y@diff=\dimen280
\@dotbox=\box138
\num@segments=\count347
\num@segmentsi=\count348
\@datafile=\read6
) (c:/texlive/texmf-local/tex/platex/eepic.sty
Extension to Epic and LaTeX. Version 1.1b - Released Febrary 7, 1988
\@gphlinewidth=\count349
\@eepictcnt=\count350
\@tempdimc=\dimen281
\maxovaldiam=\dimen282
\@filltype=\box139
) (c:/texlive/texmf-local/tex/platex/eclarith.sty
eclarith.sty 1.1 --- July 1, 1992
\ari!A=\dimen283
\ari!B=\dimen284
\ari!C=\count351
\ari!D=\count352
)
\@tempdimd=\dimen285
LaTeX Info: Redefining \color on input line 203.
\DHS@seq=\toks40
\yasen@toks=\toks41
\tenretu@namae=\toks42
\namae@opt=\toks43
\@tmpla=\dimen286
)
\pl@out=\write5
\pl@in=\read7
) (c:/texlive/texmf-local/tex/platex/misc/emath/emathPxy.sty
Package: emathPxy 2005/06/27 v 0.31
\xunitlength=\dimen287
\yunitlength=\dimen288
) (c:/texlive/texmf-local/tex/platex/misc/emath/emathPk.sty
Package: emathPk 2005/10/10 v 0.94
) (c:/texlive/texmf-local/tex/platex/misc/emath/emathT.sty
Package: emathT 2005/10/29 v0.42
 (c:/texlive/2021/texmf-dist/tex/latex/tools/array.sty
Package: array 2021/10/04 v2.5f Tabular extension package (FMi)
\col@sep=\dimen289
\ar@mcellbox=\box140
\extrarowheight=\dimen290
\NC@list=\toks44
\extratabsurround=\skip73
\backup@length=\skip74
\ar@cellbox=\box141
) (c:/texlive/2021/texmf-dist/tex/latex/tools/hhline.sty
Package: hhline 2020/01/04 v2.04 Table rule package (DPC)
)
\hyouretuhaba=\dimen291
\emT@w=\dimen292
\emT@h=\dimen293
\emT@@h=\dimen294
\emT@d=\dimen295
\emT@@d=\dimen296
\emT@r=\dimen297
\arrayrulewidthb=\dimen298
) (c:/texlive/texmf-local/tex/platex/misc/emath/emathPb.sty
Package: emathPb 2005/09/10 v 0.01
\rectbox@item@box=\box142
\c@rectboxenum=\count353
\rectb@x=\box143
\mekureb@x=\box144
\kakomiwaku@out=\write6
) (c:/texlive/texmf-local/tex/platex/misc/emath/emathPg.sty
Package: emathPg 2005/09/07 v 0.00
)) (./mhchem.sty
Package: mhchem 2024/01/29 v4.10 for typesetting chemical formulae
 (c:/texlive/2021/texmf-dist/tex/latex/l3kernel/expl3.sty
Package: expl3 2022-02-24 L3 programming layer (loader) 
 (c:/texlive/2021/texmf-dist/tex/latex/l3backend/l3backend-dvips.def
File: l3backend-dvips.def 2022-02-07 L3 backend support: dvips
\l__pdf_internal_box=\box145
\g__pdf_backend_object_int=\count354
\l__pdf_backend_content_box=\box146
\l__pdf_backend_model_box=\box147
\g__pdf_backend_annotation_int=\count355
\g__pdf_backend_link_int=\count356
\g__pdf_backend_link_sf_int=\count357
)) (c:/texlive/2021/texmf-dist/tex/latex/l3packages/l3keys2e/l3keys2e.sty
Package: l3keys2e 2022-01-12 LaTeX2e option processing using LaTeX3 keys
) (./chemgreek.sty (c:/texlive/2021/texmf-dist/tex/latex/l3packages/xparse/xparse.sty
Package: xparse 2022-01-12 L3 Experimental document command parser
)
Package: chemgreek 2020/01/16 v1.1a interface for upright Greek letters for use in chemistry (CN)
\l__chemgreek_tmpa_int=\count358
\g__chemgreek_tmpa_int=\count359
)
\l__mhchem_ce_distanceFromLastComma_int=\count360
\__mhchem_arrow_extPgfLength_skip=\skip75
\mhchem@minispace@tmp=\skip76
\mhchem@minibackspace@tmp=\skip77
\mhchem@bondwidth=\skip78
\mhchem@bondheight=\skip79
\mhchem@smallbondwidth@tmpA=\skip80
\mhchem@smallbondwidth@tmpB=\skip81
\mhchem@smallbondwidth=\skip82
\mhchem@bondtmp@minussidebearingleft=\skip83
\mhchem@bondtmp@minussidebearingright=\skip84
\l__mhchem_option_version_int=\count361
\mhchem@option@minusmathsidebearingleft=\dimen299
\mhchem@option@minusmathsidebearingright=\dimen300
\mhchem@option@minustextsidebearingleft=\dimen301
\mhchem@option@minustextsidebearingright=\dimen302
) (c:/texlive/texmf-local/tex/platex/misc/picins/picins.sty Option `picins' Version 3.0 Sep. 1992, TH Darmstadt/HRZ
\@BILD=\box148
\@TEXT=\box149
\d@breite=\dimen303
\d@hoehe=\dimen304
\d@xoff=\dimen305
\d@yoff=\dimen306
\d@shad=\dimen307
\d@dash=\dimen308
\d@boxl=\dimen309
\d@pichskip=\dimen310
\d@tmp=\dimen311
\d@tmpa=\dimen312
\d@bskip=\dimen313
\hsiz@=\dimen314
\p@getot@l=\dimen315
\c@breite=\count362
\c@hoehe=\count363
\c@xoff=\count364
\c@yoff=\count365
\c@pos=\count366
\c@shad=\count367
\c@dash=\count368
\c@boxl=\count369
\c@zeilen=\count370
\@changemode=\count371
\c@piccaption=\count372
\c@piccaptionpos=\count373
\c@picpos=\count374
\c@whole=\count375
\c@half=\count376
\c@tmp=\count377
\c@tmpa=\count378
\c@tmpb=\count379
\c@tmpc=\count380
\c@tmpd=\count381
\d@leftskip=\skip85
\ptoti=\dimen316
\ptotii=\dimen317
\env@box=\box150
\d@envdp=\dimen318
\c@hsize=\count382
\c@envdp=\count383
\d@envb=\dimen319
) (./R07_denjiki.aux)
\openout1 = `R07_denjiki.aux'.

LaTeX Font Info:    Checking defaults for OML/cmm/m/it on input line 40.
LaTeX Font Info:    ... okay on input line 40.
LaTeX Font Info:    Checking defaults for OMS/cmsy/m/n on input line 40.
LaTeX Font Info:    ... okay on input line 40.
LaTeX Font Info:    Checking defaults for OT1/cmr/m/n on input line 40.
LaTeX Font Info:    ... okay on input line 40.
LaTeX Font Info:    Checking defaults for T1/cmr/m/n on input line 40.
LaTeX Font Info:    ... okay on input line 40.
LaTeX Font Info:    Checking defaults for TS1/cmr/m/n on input line 40.
LaTeX Font Info:    ... okay on input line 40.
LaTeX Font Info:    Checking defaults for OMX/cmex/m/n on input line 40.
LaTeX Font Info:    ... okay on input line 40.
LaTeX Font Info:    Checking defaults for U/cmr/m/n on input line 40.
LaTeX Font Info:    ... okay on input line 40.
LaTeX Font Info:    Checking defaults for JY1/mc/m/n on input line 40.
LaTeX Font Info:    ... okay on input line 40.
LaTeX Font Info:    Checking defaults for JT1/mc/m/n on input line 40.
LaTeX Font Info:    ... okay on input line 40.

Package chemgreek Info: Activating mapping `default' on line 40.

LaTeX Font Info:    Font shape `JT1/mc/m/n' will be
(Font)              scaled to size 13.83836pt on input line 43.
LaTeX Font Info:    Font shape `JY1/mc/m/n' will be
(Font)              scaled to size 13.83836pt on input line 43.
LaTeX Font Info:    Font shape `JY1/mc/m/n' will be
(Font)              scaled to size 6.72699pt on input line 45.
LaTeX Font Info:    Font shape `JY1/mc/m/n' will be
(Font)              scaled to size 4.805pt on input line 45.
LaTeX Font Info:    Trying to load font information for U+msa on input line 45.
 (c:/texlive/2021/texmf-dist/tex/latex/amsfonts/umsa.fd
File: umsa.fd 2013/01/14 v3.01 AMS symbols A
)
LaTeX Font Info:    Trying to load font information for U+msb on input line 45.
 (c:/texlive/2021/texmf-dist/tex/latex/amsfonts/umsb.fd
File: umsb.fd 2013/01/14 v3.01 AMS symbols B
) (./135.tex
LaTeX Font Info:    Font shape `JT1/mc/bx/n' in size <10> not available
(Font)              Font shape `JT1/gt/m/n' tried instead on input line 2.
LaTeX Font Info:    Font shape `JT1/gt/m/n' will be
(Font)              scaled to size 9.60999pt on input line 2.
LaTeX Font Info:    Font shape `JY1/mc/bx/n' in size <10> not available
(Font)              Font shape `JY1/gt/m/n' tried instead on input line 2.
LaTeX Font Info:    Font shape `JY1/gt/m/n' will be
(Font)              scaled to size 9.60999pt on input line 2.
LaTeX Font Info:    Font shape `JT1/gt/bx/n' in size <10> not available
(Font)              Font shape `JT1/gt/m/n' tried instead on input line 2.
LaTeX Font Info:    Font shape `JT1/gt/m/n' will be
(Font)              scaled to size 9.60999pt on input line 2.
LaTeX Font Info:    Font shape `JY1/gt/bx/n' in size <10> not available
(Font)              Font shape `JY1/gt/m/n' tried instead on input line 2.
LaTeX Font Info:    Font shape `JY1/gt/m/n' will be
(Font)              scaled to size 9.60999pt on input line 2.
LaTeX Font Info:    Font shape `JT1/mc/m/n' will be
(Font)              scaled to size 6.72699pt on input line 3.
LaTeX Font Info:    Font shape `JT1/mc/m/n' will be
(Font)              scaled to size 4.805pt on input line 3.
) (./136.tex (./fig/fig136_1.tex) (./fig/fig136_2.tex)) [1

] (./137.tex (./fig/fig137.tex)
Overfull \hbox (49.1692pt too wide) in paragraph at lines 310--4
[][] 
 []

) (./138.tex (./fig/fig138.tex)
Overfull \hbox (6.49008pt too wide) in paragraph at lines 240--4
[][] 
 []

) [2] (./R07_denjiki.aux) ) 
Here is how much of TeX's memory you used:
 11067 strings out of 478739
 151065 string characters out of 5862055
 607100 words of memory out of 5000000
 29335 multiletter control sequences out of 15000+600000
 478991 words of font info for 76 fonts, out of 8000000 for 9000
 934 hyphenation exceptions out of 8191
 91i,11n,93p,518b,470s stack positions out of 5000i,500n,10000p,2000000b,80000s

Output written on R07_denjiki.dvi (2 pages, 47208 bytes).
